Executing Query Suit Geeneration
Executing Query Starting Deck
Executing Query Rank Geeneration
Executing Query Rank Geeneration
Executing Query Rank Geeneration
Executing Query Rank Geeneration
Executing Query Top Half
Executing Query Bottom Half
Executing Query Shuffle
Executing Query Top Half
Executing Query Bottom Half
Executing Query Shuffle
Executing Query Top Half
Executing Query Bottom Half
Executing Query Shuffle
Executing Query Top Half
Executing Query Bottom Half
Executing Query Shuffle
Executing Query Top Half
Executing Query Bottom Half
Executing Query Shuffle
Executing Query Top Half
Executing Query Bottom Half
Executing Query Shuffle
Executing Query Top Half
Executing Query Bottom Half
Executing Query Shuffle
Executing Query Top Half
Executing Query Bottom Half
Executing Query Shuffle
Executing Query Suit Geeneration
Executing Query Starting Deck
Executing Query Rank Geeneration
Executing Query Rank Geeneration
Executing Query Rank Geeneration
Executing Query Rank Geeneration
Executing Query Bottom Half
Executing Query Top Half
Executing Query Shuffle
Executing Query Bottom Half
Executing Query Top Half
Executing Query Shuffle
Executing Query Bottom Half
Executing Query Top Half
Executing Query Shuffle
Executing Query Bottom Half
Executing Query Top Half
Executing Query Shuffle
Executing Query Bottom Half
Executing Query Top Half
Executing Query Shuffle
Executing Query Bottom Half
Executing Query Top Half
Executing Query Shuffle
Executing Query Bottom Half
Executing Query Top Half
Executing Query Shuffle
Executing Query Bottom Half
Executing Query Top Half
Executing Query Shuffle
Executing Query Bottom Half
Executing Query Top Half
Executing Query Shuffle
Executing Query Bottom Half
Executing Query Top Half
Executing Query Shuffle
Executing Query Bottom Half
Executing Query Top Half
Executing Query Shuffle
Executing Query Bottom Half
Executing Query Top Half
Executing Query Shuffle
Executing Query Bottom Half
Executing Query Top Half
Executing Query Shuffle
Executing Query Bottom Half
Executing Query Top Half
Executing Query Shuffle
Executing Query Bottom Half
Executing Query Top Half
Executing Query Shuffle
Executing Query Bottom Half
Executing Query Top Half
Executing Query Shuffle
Executing Query Bottom Half
Executing Query Top Half
Executing Query Shuffle
Executing Query Bottom Half
Executing Query Top Half
Executing Query Shuffle
Executing Query Bottom Half
Executing Query Top Half
Executing Query Shuffle
Executing Query Bottom Half
Executing Query Top Half
Executing Query Shuffle
Executing Query Bottom Half
Executing Query Top Half
Executing Query Shuffle
Executing Query Bottom Half
Executing Query Top Half
Executing Query Shuffle
Executing Query Bottom Half
Executing Query Top Half
Executing Query Shuffle
Executing Query Bottom Half
Executing Query Top Half
Executing Query Shuffle
Executing Query Bottom Half
Executing Query Top Half
Executing Query Shuffle
Executing Query Bottom Half
Executing Query Top Half
Executing Query Shuffle
Executing Query Bottom Half
Executing Query Top Half
Executing Query Shuffle
Executing Query Bottom Half
Executing Query Top Half
Executing Query Shuffle
Executing Query Bottom Half
Executing Query Top Half
Executing Query Shuffle
Executing Query Bottom Half
Executing Query Top Half
Executing Query Shuffle
Executing Query Bottom Half
Executing Query Top Half
Executing Query Shuffle
Executing Query Bottom Half
Executing Query Top Half
Executing Query Shuffle
Executing Query Bottom Half
Executing Query Top Half
Executing Query Shuffle
Executing Query Bottom Half
Executing Query Top Half
Executing Query Shuffle
Executing Query Bottom Half
Executing Query Top Half
Executing Query Shuffle
Executing Query Bottom Half
Executing Query Top Half
Executing Query Shuffle
Executing Query Bottom Half
Executing Query Top Half
Executing Query Shuffle
Executing Query Bottom Half
Executing Query Top Half
Executing Query Shuffle
Executing Query Bottom Half
Executing Query Top Half
Executing Query Shuffle
Executing Query Bottom Half
Executing Query Top Half
Executing Query Shuffle
Executing Query Bottom Half
Executing Query Top Half
Executing Query Shuffle
Executing Query Bottom Half
Executing Query Top Half
Executing Query Shuffle
Executing Query Bottom Half
Executing Query Top Half
Executing Query Shuffle
Executing Query Bottom Half
Executing Query Top Half
Executing Query Shuffle
Executing Query Bottom Half
Executing Query Top Half
Executing Query Shuffle
Executing Query Bottom Half
Executing Query Top Half
Executing Query Shuffle
Executing Query Bottom Half
Executing Query Top Half
Executing Query Shuffle
Executing Query Bottom Half
Executing Query Top Half
Executing Query Shuffle
Executing Query Bottom Half
Executing Query Top Half
Executing Query Shuffle
Executing Query Bottom Half
Executing Query Top Half
Executing Query Shuffle
Executing Query Bottom Half
Executing Query Top Half
Executing Query Shuffle
Executing Query Bottom Half
Executing Query Top Half
Executing Query Shuffle
